<?xml version="1.0" encoding="UTF-8"?>
<testng-results skipped="0" failed="2" ignored="0" total="9" passed="7">
  <reporter-output>
  </reporter-output>
  <suite name="Command line suite" duration-ms="3832" started-at="2019-11-30T17:12:40Z" finished-at="2019-11-30T17:12:44Z">
    <groups>
    </groups>
    <test name="Command line test" duration-ms="3832" started-at="2019-11-30T17:12:40Z" finished-at="2019-11-30T17:12:44Z">
      <class name="RestAPI.APITest">
        <test-method status="PASS" signature="Oauth()[pri:0, instance:RestAPI.APITest@28975c28]" name="Oauth" duration-ms="4" started-at="2019-11-30T17:12:42Z" finished-at="2019-11-30T17:12:42Z">
          <reporter-output>
          </reporter-output>
        </test-method> <!-- Oauth -->
        <test-method status="PASS" signature="Serialize()[pri:0, instance:RestAPI.APITest@28975c28]" name="Serialize" duration-ms="0" started-at="2019-11-30T17:12:42Z" finished-at="2019-11-30T17:12:42Z">
          <reporter-output>
          </reporter-output>
        </test-method> <!-- Serialize -->
        <test-method status="FAIL" signature="jira()[pri:0, instance:RestAPI.APITest@28975c28]" name="jira" duration-ms="4" started-at="2019-11-30T17:12:42Z" finished-at="2019-11-30T17:12:42Z">
          <exception class="java.lang.AssertionError">
            <message>
              <![CDATA[null]]>
            </message>
            <full-stacktrace>
              <![CDATA[java.lang.AssertionError: null
at org.testng.Assert.fail(Assert.java:96)
at org.testng.Assert.fail(Assert.java:103)
at RestAPI.APITest.jira(APITest.java:11)
at sun.reflect.NativeMethodAccessorImpl.invoke0(Native Method)
at sun.reflect.NativeMethodAccessorImpl.invoke(NativeMethodAccessorImpl.java:62)
at sun.reflect.DelegatingMethodAccessorImpl.invoke(DelegatingMethodAccessorImpl.java:43)
at java.lang.reflect.Method.invoke(Method.java:498)
at org.testng.internal.MethodInvocationHelper.invokeMethod(MethodInvocationHelper.java:124)
at org.testng.internal.Invoker.invokeMethod(Invoker.java:583)
at org.testng.internal.Invoker.invokeTestMethod(Invoker.java:719)
at org.testng.internal.Invoker.invokeTestMethods(Invoker.java:989)
at org.testng.internal.TestMethodWorker.invokeTestMethods(TestMethodWorker.java:125)
at org.testng.internal.TestMethodWorker.run(TestMethodWorker.java:109)
at org.testng.TestRunner.privateRun(TestRunner.java:648)
at org.testng.TestRunner.run(TestRunner.java:505)
at org.testng.SuiteRunner.runTest(SuiteRunner.java:455)
at org.testng.SuiteRunner.runSequentially(SuiteRunner.java:450)
at org.testng.SuiteRunner.privateRun(SuiteRunner.java:415)
at org.testng.SuiteRunner.run(SuiteRunner.java:364)
at org.testng.SuiteRunnerWorker.runSuite(SuiteRunnerWorker.java:52)
at org.testng.SuiteRunnerWorker.run(SuiteRunnerWorker.java:84)
at org.testng.TestNG.runSuitesSequentially(TestNG.java:1208)
at org.testng.TestNG.runSuitesLocally(TestNG.java:1137)
at org.testng.TestNG.runSuites(TestNG.java:1049)
at org.testng.TestNG.run(TestNG.java:1017)
at org.apache.maven.surefire.testng.TestNGExecutor.run(TestNGExecutor.java:77)
at org.apache.maven.surefire.testng.TestNGDirectoryTestSuite.executeMulti(TestNGDirectoryTestSuite.java:159)
at org.apache.maven.surefire.testng.TestNGDirectoryTestSuite.execute(TestNGDirectoryTestSuite.java:99)
at org.apache.maven.surefire.testng.TestNGProvider.invoke(TestNGProvider.java:106)
at sun.reflect.NativeMethodAccessorImpl.invoke0(Native Method)
at sun.reflect.NativeMethodAccessorImpl.invoke(NativeMethodAccessorImpl.java:62)
at sun.reflect.DelegatingMethodAccessorImpl.invoke(DelegatingMethodAccessorImpl.java:43)
at java.lang.reflect.Method.invoke(Method.java:498)
at org.apache.maven.surefire.util.ReflectionUtils.invokeMethodWithArray(ReflectionUtils.java:189)
at org.apache.maven.surefire.booter.ProviderFactory$ProviderProxy.invoke(ProviderFactory.java:165)
at org.apache.maven.surefire.booter.ProviderFactory.invokeProvider(ProviderFactory.java:85)
at org.apache.maven.surefire.booter.ForkedBooter.runSuitesInProcess(ForkedBooter.java:115)
at org.apache.maven.surefire.booter.ForkedBooter.main(ForkedBooter.java:75)
]]>
            </full-stacktrace>
          </exception> <!-- java.lang.AssertionError -->
          <reporter-output>
          </reporter-output>
        </test-method> <!-- jira -->
      </class> <!-- RestAPI.APITest -->
      <class name="RestAPI.Searchplace_apiTest">
        <test-method status="PASS" signature="place()[pri:0, instance:RestAPI.Searchplace_apiTest@ba54932]" name="place" duration-ms="1800" started-at="2019-11-30T17:12:42Z" finished-at="2019-11-30T17:12:44Z">
          <reporter-output>
          </reporter-output>
        </test-method> <!-- place -->
      </class> <!-- RestAPI.Searchplace_apiTest -->
      <class name="RestAPI.DeleteplaceTest">
        <test-method status="PASS" signature="deleteplace_deleteresquest()[pri:0, instance:RestAPI.DeleteplaceTest@574b560f]" name="deleteplace_deleteresquest" duration-ms="288" started-at="2019-11-30T17:12:42Z" finished-at="2019-11-30T17:12:42Z">
          <reporter-output>
          </reporter-output>
        </test-method> <!-- deleteplace_deleteresquest -->
      </class> <!-- RestAPI.DeleteplaceTest -->
      <class name="RestAPI.adddeleteplacexmlTest">
        <test-method status="FAIL" signature="xmladddelete()[pri:0, instance:RestAPI.adddeleteplacexmlTest@757acd7b]" name="xmladddelete" duration-ms="464" started-at="2019-11-30T17:12:40Z" finished-at="2019-11-30T17:12:40Z">
          <exception class="java.lang.IllegalArgumentException">
            <message>
              <![CDATA[baseURI cannot be null]]>
            </message>
            <full-stacktrace>
              <![CDATA[java.lang.IllegalArgumentException: baseURI cannot be null
at sun.reflect.NativeConstructorAccessorImpl.newInstance0(Native Method)
at sun.reflect.NativeConstructorAccessorImpl.newInstance(NativeConstructorAccessorImpl.java:62)
at sun.reflect.DelegatingConstructorAccessorImpl.newInstance(DelegatingConstructorAccessorImpl.java:45)
at java.lang.reflect.Constructor.newInstance(Constructor.java:423)
at org.codehaus.groovy.reflection.CachedConstructor.invoke(CachedConstructor.java:80)
at org.codehaus.groovy.reflection.CachedConstructor.doConstructorInvoke(CachedConstructor.java:74)
at org.codehaus.groovy.runtime.callsite.ConstructorSite$ConstructorSiteNoUnwrap.callConstructor(ConstructorSite.java:84)
at org.codehaus.groovy.runtime.callsite.CallSiteArray.defaultCallConstructor(CallSiteArray.java:59)
at org.codehaus.groovy.runtime.callsite.AbstractCallSite.callConstructor(AbstractCallSite.java:237)
at org.codehaus.groovy.runtime.callsite.AbstractCallSite.callConstructor(AbstractCallSite.java:249)
at io.restassured.internal.common.assertion.AssertParameter.notNull(AssertParameter.groovy:26)
at io.restassured.internal.common.assertion.AssertParameter$notNull.callStatic(Unknown Source)
at org.codehaus.groovy.runtime.callsite.CallSiteArray.defaultCallStatic(CallSiteArray.java:55)
at org.codehaus.groovy.runtime.callsite.AbstractCallSite.callStatic(AbstractCallSite.java:196)
at org.codehaus.groovy.runtime.callsite.AbstractCallSite.callStatic(AbstractCallSite.java:216)
at io.restassured.internal.RequestSpecificationImpl.<init>(RequestSpecificationImpl.groovy:135)
at io.restassured.RestAssured.createTestSpecification(RestAssured.java:1462)
at io.restassured.RestAssured.given(RestAssured.java:663)
at RestAPI.adddeleteplacexmlTest.xmladddelete(adddeleteplacexmlTest.java:48)
at sun.reflect.NativeMethodAccessorImpl.invoke0(Native Method)
at sun.reflect.NativeMethodAccessorImpl.invoke(NativeMethodAccessorImpl.java:62)
at sun.reflect.DelegatingMethodAccessorImpl.invoke(DelegatingMethodAccessorImpl.java:43)
at java.lang.reflect.Method.invoke(Method.java:498)
at org.testng.internal.MethodInvocationHelper.invokeMethod(MethodInvocationHelper.java:124)
at org.testng.internal.Invoker.invokeMethod(Invoker.java:583)
at org.testng.internal.Invoker.invokeTestMethod(Invoker.java:719)
at org.testng.internal.Invoker.invokeTestMethods(Invoker.java:989)
at org.testng.internal.TestMethodWorker.invokeTestMethods(TestMethodWorker.java:125)
at org.testng.internal.TestMethodWorker.run(TestMethodWorker.java:109)
at org.testng.TestRunner.privateRun(TestRunner.java:648)
at org.testng.TestRunner.run(TestRunner.java:505)
at org.testng.SuiteRunner.runTest(SuiteRunner.java:455)
at org.testng.SuiteRunner.runSequentially(SuiteRunner.java:450)
at org.testng.SuiteRunner.privateRun(SuiteRunner.java:415)
at org.testng.SuiteRunner.run(SuiteRunner.java:364)
at org.testng.SuiteRunnerWorker.runSuite(SuiteRunnerWorker.java:52)
at org.testng.SuiteRunnerWorker.run(SuiteRunnerWorker.java:84)
at org.testng.TestNG.runSuitesSequentially(TestNG.java:1208)
at org.testng.TestNG.runSuitesLocally(TestNG.java:1137)
at org.testng.TestNG.runSuites(TestNG.java:1049)
at org.testng.TestNG.run(TestNG.java:1017)
at org.apache.maven.surefire.testng.TestNGExecutor.run(TestNGExecutor.java:77)
at org.apache.maven.surefire.testng.TestNGDirectoryTestSuite.executeMulti(TestNGDirectoryTestSuite.java:159)
at org.apache.maven.surefire.testng.TestNGDirectoryTestSuite.execute(TestNGDirectoryTestSuite.java:99)
at org.apache.maven.surefire.testng.TestNGProvider.invoke(TestNGProvider.java:106)
at sun.reflect.NativeMethodAccessorImpl.invoke0(Native Method)
at sun.reflect.NativeMethodAccessorImpl.invoke(NativeMethodAccessorImpl.java:62)
at sun.reflect.DelegatingMethodAccessorImpl.invoke(DelegatingMethodAccessorImpl.java:43)
at java.lang.reflect.Method.invoke(Method.java:498)
at org.apache.maven.surefire.util.ReflectionUtils.invokeMethodWithArray(ReflectionUtils.java:189)
at org.apache.maven.surefire.booter.ProviderFactory$ProviderProxy.invoke(ProviderFactory.java:165)
at org.apache.maven.surefire.booter.ProviderFactory.invokeProvider(ProviderFactory.java:85)
at org.apache.maven.surefire.booter.ForkedBooter.runSuitesInProcess(ForkedBooter.java:115)
at org.apache.maven.surefire.booter.ForkedBooter.main(ForkedBooter.java:75)
]]>
            </full-stacktrace>
          </exception> <!-- java.lang.IllegalArgumentException -->
          <reporter-output>
          </reporter-output>
        </test-method> <!-- xmladddelete -->
      </class> <!-- RestAPI.adddeleteplacexmlTest -->
      <class name="RestAPI.AddplaceTest">
        <test-method status="PASS" signature="readproperties()[pri:0, instance:RestAPI.AddplaceTest@36b4fe2a]" name="readproperties" is-config="true" duration-ms="4" started-at="2019-11-30T17:12:40Z" finished-at="2019-11-30T17:12:40Z">
          <reporter-output>
          </reporter-output>
        </test-method> <!-- readproperties -->
        <test-method status="PASS" signature="readproperties()[pri:0, instance:RestAPI.DeleteplaceTest@574b560f]" name="readproperties" is-config="true" duration-ms="0" started-at="2019-11-30T17:12:40Z" finished-at="2019-11-30T17:12:40Z">
          <reporter-output>
          </reporter-output>
        </test-method> <!-- readproperties -->
        <test-method status="PASS" signature="Readprop()[pri:0, instance:RestAPI.Searchplace_apiTest@ba54932]" name="Readprop" is-config="true" duration-ms="0" started-at="2019-11-30T17:12:40Z" finished-at="2019-11-30T17:12:40Z">
          <reporter-output>
          </reporter-output>
        </test-method> <!-- Readprop -->
        <test-method status="PASS" signature="readprop()[pri:0, instance:RestAPI.adddeleteplacexmlTest@757acd7b]" name="readprop" is-config="true" duration-ms="0" started-at="2019-11-30T17:12:40Z" finished-at="2019-11-30T17:12:40Z">
          <reporter-output>
          </reporter-output>
        </test-method> <!-- readprop -->
        <test-method status="PASS" signature="addplace_postrequest()[pri:0, instance:RestAPI.AddplaceTest@36b4fe2a]" name="addplace_postrequest" duration-ms="1244" started-at="2019-11-30T17:12:40Z" finished-at="2019-11-30T17:12:42Z">
          <reporter-output>
          </reporter-output>
        </test-method> <!-- addplace_postrequest -->
      </class> <!-- RestAPI.AddplaceTest -->
      <class name="RestAPI.SeleniumTest">
        <test-method status="PASS" signature="elementsUI()[pri:0, instance:RestAPI.SeleniumTest@3943a2be]" name="elementsUI" duration-ms="0" started-at="2019-11-30T17:12:44Z" finished-at="2019-11-30T17:12:44Z">
          <reporter-output>
          </reporter-output>
        </test-method> <!-- elementsUI -->
        <test-method status="PASS" signature="Browser()[pri:0, instance:RestAPI.SeleniumTest@3943a2be]" name="Browser" duration-ms="0" started-at="2019-11-30T17:12:44Z" finished-at="2019-11-30T17:12:44Z">
          <reporter-output>
          </reporter-output>
        </test-method> <!-- Browser -->
      </class> <!-- RestAPI.SeleniumTest -->
    </test> <!-- Command line test -->
  </suite> <!-- Command line suite -->
</testng-results>
